# JRE version: Java(TM) SE Runtime Environment (8.0_162-b12) (build 1.8.0_162-b12)
# Java VM: Java HotSpot(TM) 64-Bit Server VM (25.162-b12 mixed mode windows-amd64 compressed oops)
Heap:
 PSYoungGen      total 175616K, used 94541K [0x000000076e180000, 0x000000077b980000, 0x00000007c0000000)
  eden space 165888K, 56% used [0x000000076e180000,0x0000000773dd36c0,0x0000000778380000)
  from space 9728K, 0% used [0x0000000778d80000,0x0000000778d80000,0x0000000779700000)
  to   space 10240K, 0% used [0x0000000778380000,0x0000000778380000,0x0000000778d80000)
 ParOldGen       total 95744K, used 11605K [0x00000006ca400000, 0x00000006d0180000, 0x000000076e180000)
  object space 95744K, 12% used [0x00000006ca400000,0x00000006caf55420,0x00000006d0180000)
 Metaspace       used 36101K, capacity 39094K, committed 39424K, reserved 1083392K
  class space    used 4757K, capacity 5255K, committed 5376K, reserved 1048576K
GC Heap History (10 events):
Event: 1.102 GC heap before
{Heap before GC invocations=4 (full 1):
 PSYoungGen      total 73728K, used 7183K [0x000000076e180000, 0x0000000777180000, 0x00000007c0000000)
  eden space 63488K, 0% used [0x000000076e180000,0x000000076e180000,0x0000000771f80000)
  from space 10240K, 70% used [0x0000000771f80000,0x0000000772683c28,0x0000000772980000)
  to   space 10240K, 0% used [0x0000000776780000,0x0000000776780000,0x0000000777180000)
 ParOldGen       total 167936K, used 40K [0x00000006ca400000, 0x00000006d4800000, 0x000000076e180000)
  object space 167936K, 0% used [0x00000006ca400000,0x00000006ca40a000,0x00000006d4800000)
 Metaspace       used 19593K, capacity 21182K, committed 21296K, reserved 1067008K
  class space    used 2556K, capacity 2853K, committed 2944K, reserved 1048576K
Event: 1.117 GC heap after
Heap after GC invocations=4 (full 1):
 PSYoungGen      total 73728K, used 0K [0x000000076e180000, 0x0000000777180000, 0x00000007c0000000)
  eden space 63488K, 0% used [0x000000076e180000,0x000000076e180000,0x0000000771f80000)
  from space 10240K, 0% used [0x0000000771f80000,0x0000000771f80000,0x0000000772980000)
  to   space 10240K, 0% used [0x0000000776780000,0x0000000776780000,0x0000000777180000)
 ParOldGen       total 95744K, used 6801K [0x00000006ca400000, 0x00000006d0180000, 0x000000076e180000)
  object space 95744K, 7% used [0x00000006ca400000,0x00000006caaa47a0,0x00000006d0180000)
 Metaspace       used 19593K, capacity 21182K, committed 21296K, reserved 1067008K
  class space    used 2556K, capacity 2853K, committed 2944K, reserved 1048576K
}
Event: 1.313 GC heap before
{Heap before GC invocations=5 (full 1):
 PSYoungGen      total 73728K, used 63488K [0x000000076e180000, 0x0000000777180000, 0x00000007c0000000)
  eden space 63488K, 100% used [0x000000076e180000,0x0000000771f80000,0x0000000771f80000)
  from space 10240K, 0% used [0x0000000771f80000,0x0000000771f80000,0x0000000772980000)
  to   space 10240K, 0% used [0x0000000776780000,0x0000000776780000,0x0000000777180000)
 ParOldGen       total 95744K, used 6801K [0x00000006ca400000, 0x00000006d0180000, 0x000000076e180000)
  object space 95744K, 7% used [0x00000006ca400000,0x00000006caaa47a0,0x00000006d0180000)
 Metaspace       used 24622K, capacity 26406K, committed 26624K, reserved 1073152K
  class space    used 3228K, capacity 3553K, committed 3584K, reserved 1048576K
Event: 1.318 GC heap after
Heap after GC invocations=5 (full 1):
 PSYoungGen      total 110592K, used 7539K [0x000000076e180000, 0x0000000776f00000, 0x00000007c0000000)
  eden space 102912K, 0% used [0x000000076e180000,0x000000076e180000,0x0000000774600000)
  from space 7680K, 98% used [0x0000000776780000,0x0000000776edcc10,0x0000000776f00000)
  to   space 10240K, 0% used [0x0000000775b00000,0x0000000775b00000,0x0000000776500000)
 ParOldGen       total 95744K, used 6809K [0x00000006ca400000, 0x00000006d0180000, 0x000000076e180000)
  object space 95744K, 7% used [0x00000006ca400000,0x00000006caaa67a0,0x00000006d0180000)
 Metaspace       used 24622K, capacity 26406K, committed 26624K, reserved 1073152K
  class space    used 3228K, capacity 3553K, committed 3584K, reserved 1048576K
}
Event: 1.778 GC heap before
{Heap before GC invocations=6 (full 1):
 PSYoungGen      total 110592K, used 110451K [0x000000076e180000, 0x0000000776f00000, 0x00000007c0000000)
  eden space 102912K, 100% used [0x000000076e180000,0x0000000774600000,0x0000000774600000)
  from space 7680K, 98% used [0x0000000776780000,0x0000000776edcc10,0x0000000776f00000)
  to   space 10240K, 0% used [0x0000000775b00000,0x0000000775b00000,0x0000000776500000)
 ParOldGen       total 95744K, used 6809K [0x00000006ca400000, 0x00000006d0180000, 0x000000076e180000)
  object space 95744K, 7% used [0x00000006ca400000,0x00000006caaa67a0,0x00000006d0180000)
 Metaspace       used 29500K, capacity 31770K, committed 32000K, reserved 1077248K
  class space    used 3888K, capacity 4309K, committed 4352K, reserved 1048576K
Event: 1.788 GC heap after
Heap after GC invocations=6 (full 1):
 PSYoungGen      total 134656K, used 9396K [0x000000076e180000, 0x0000000779700000, 0x00000007c0000000)
  eden space 124416K, 0% used [0x000000076e180000,0x000000076e180000,0x0000000775b00000)
  from space 10240K, 91% used [0x0000000775b00000,0x000000077642d0c8,0x0000000776500000)
  to   space 9728K, 0% used [0x0000000778d80000,0x0000000778d80000,0x0000000779700000)
 ParOldGen       total 95744K, used 6817K [0x00000006ca400000, 0x00000006d0180000, 0x000000076e180000)
  object space 95744K, 7% used [0x00000006ca400000,0x00000006caaa87a0,0x00000006d0180000)
 Metaspace       used 29500K, capacity 31770K, committed 32000K, reserved 1077248K
  class space    used 3888K, capacity 4309K, committed 4352K, reserved 1048576K
}
Event: 1.985 GC heap before
{Heap before GC invocations=7 (full 1):
 PSYoungGen      total 134656K, used 43048K [0x000000076e180000, 0x0000000779700000, 0x00000007c0000000)
  eden space 124416K, 27% used [0x000000076e180000,0x000000077025d208,0x0000000775b00000)
  from space 10240K, 91% used [0x0000000775b00000,0x000000077642d0c8,0x0000000776500000)
  to   space 9728K, 0% used [0x0000000778d80000,0x0000000778d80000,0x0000000779700000)
 ParOldGen       total 95744K, used 6817K [0x00000006ca400000, 0x00000006d0180000, 0x000000076e180000)
  object space 95744K, 7% used [0x00000006ca400000,0x00000006caaa87a0,0x00000006d0180000)
 Metaspace       used 33029K, capacity 35424K, committed 35496K, reserved 1079296K
  class space    used 4355K, capacity 4820K, committed 4864K, reserved 1048576K
Event: 1.990 GC heap after
Heap after GC invocations=7 (full 1):
 PSYoungGen      total 175616K, used 6644K [0x000000076e180000, 0x000000077b980000, 0x00000007c0000000)
  eden space 165888K, 0% used [0x000000076e180000,0x000000076e180000,0x0000000778380000)
  from space 9728K, 68% used [0x0000000778d80000,0x00000007793fd0e8,0x0000000779700000)
  to   space 10240K, 0% used [0x0000000778380000,0x0000000778380000,0x0000000778d80000)
 ParOldGen       total 95744K, used 6889K [0x00000006ca400000, 0x00000006d0180000, 0x000000076e180000)
  object space 95744K, 7% used [0x00000006ca400000,0x00000006caaba7b0,0x00000006d0180000)
 Metaspace       used 33029K, capacity 35424K, committed 35496K, reserved 1079296K
  class space    used 4355K, capacity 4820K, committed 4864K, reserved 1048576K
}
Event: 1.990 GC heap before
{Heap before GC invocations=8 (full 2):
 PSYoungGen      total 175616K, used 6644K [0x000000076e180000, 0x000000077b980000, 0x00000007c0000000)
  eden space 165888K, 0% used [0x000000076e180000,0x000000076e180000,0x0000000778380000)
  from space 9728K, 68% used [0x0000000778d80000,0x00000007793fd0e8,0x0000000779700000)
  to   space 10240K, 0% used [0x0000000778380000,0x0000000778380000,0x0000000778d80000)
 ParOldGen       total 95744K, used 6889K [0x00000006ca400000, 0x00000006d0180000, 0x000000076e180000)
  object space 95744K, 7% used [0x00000006ca400000,0x00000006caaba7b0,0x00000006d0180000)
 Metaspace       used 33029K, capacity 35424K, committed 35496K, reserved 1079296K
  class space    used 4355K, capacity 4820K, committed 4864K, reserved 1048576K
Event: 2.011 GC heap after
Heap after GC invocations=8 (full 2):
 PSYoungGen      total 175616K, used 0K [0x000000076e180000, 0x000000077b980000, 0x00000007c0000000)
  eden space 165888K, 0% used [0x000000076e180000,0x000000076e180000,0x0000000778380000)
  from space 9728K, 0% used [0x0000000778d80000,0x0000000778d80000,0x0000000779700000)
  to   space 10240K, 0% used [0x0000000778380000,0x0000000778380000,0x0000000778d80000)
 ParOldGen       total 95744K, used 11605K [0x00000006ca400000, 0x00000006d0180000, 0x000000076e180000)
  object space 95744K, 12% used [0x00000006ca400000,0x00000006caf55420,0x00000006d0180000)
 Metaspace       used 33029K, capacity 35424K, committed 35496K, reserved 1079296K
  class space    used 4355K, capacity 4820K, committed 4864K, reserved 1048576K
}

