# JRE version: Java(TM) SE Runtime Environment (8.0_162-b12) (build 1.8.0_162-b12)
# Java VM: Java HotSpot(TM) 64-Bit Server VM (25.162-b12 mixed mode windows-amd64 compressed oops)
Heap:
 PSYoungGen      total 162816K, used 93963K [0x000000076e180000, 0x000000077b300000, 0x00000007c0000000)
  eden space 153088K, 61% used [0x000000076e180000,0x0000000773d42f30,0x0000000777700000)
  from space 9728K, 0% used [0x0000000778080000,0x0000000778080000,0x0000000778a00000)
  to   space 9728K, 0% used [0x0000000777700000,0x0000000777700000,0x0000000778080000)
 ParOldGen       total 98304K, used 11731K [0x00000006ca400000, 0x00000006d0400000, 0x000000076e180000)
  object space 98304K, 11% used [0x00000006ca400000,0x00000006caf74da0,0x00000006d0400000)
 Metaspace       used 36085K, capacity 39026K, committed 39168K, reserved 1083392K
  class space    used 4756K, capacity 5255K, committed 5376K, reserved 1048576K
GC Heap History (10 events):
Event: 1.451 GC heap before
{Heap before GC invocations=4 (full 1):
 PSYoungGen      total 73728K, used 7187K [0x000000076e180000, 0x0000000777180000, 0x00000007c0000000)
  eden space 63488K, 0% used [0x000000076e180000,0x000000076e180000,0x0000000771f80000)
  from space 10240K, 70% used [0x0000000771f80000,0x0000000772684fb8,0x0000000772980000)
  to   space 10240K, 0% used [0x0000000776780000,0x0000000776780000,0x0000000777180000)
 ParOldGen       total 167936K, used 40K [0x00000006ca400000, 0x00000006d4800000, 0x000000076e180000)
  object space 167936K, 0% used [0x00000006ca400000,0x00000006ca40a000,0x00000006d4800000)
 Metaspace       used 19610K, capacity 21190K, committed 21296K, reserved 1067008K
  class space    used 2563K, capacity 2857K, committed 2944K, reserved 1048576K
Event: 1.468 GC heap after
Heap after GC invocations=4 (full 1):
 PSYoungGen      total 73728K, used 0K [0x000000076e180000, 0x0000000777180000, 0x00000007c0000000)
  eden space 63488K, 0% used [0x000000076e180000,0x000000076e180000,0x0000000771f80000)
  from space 10240K, 0% used [0x0000000771f80000,0x0000000771f80000,0x0000000772980000)
  to   space 10240K, 0% used [0x0000000776780000,0x0000000776780000,0x0000000777180000)
 ParOldGen       total 98304K, used 6838K [0x00000006ca400000, 0x00000006d0400000, 0x000000076e180000)
  object space 98304K, 6% used [0x00000006ca400000,0x00000006caaad890,0x00000006d0400000)
 Metaspace       used 19610K, capacity 21190K, committed 21296K, reserved 1067008K
  class space    used 2563K, capacity 2857K, committed 2944K, reserved 1048576K
}
Event: 1.761 GC heap before
{Heap before GC invocations=5 (full 1):
 PSYoungGen      total 73728K, used 63488K [0x000000076e180000, 0x0000000777180000, 0x00000007c0000000)
  eden space 63488K, 100% used [0x000000076e180000,0x0000000771f80000,0x0000000771f80000)
  from space 10240K, 0% used [0x0000000771f80000,0x0000000771f80000,0x0000000772980000)
  to   space 10240K, 0% used [0x0000000776780000,0x0000000776780000,0x0000000777180000)
 ParOldGen       total 98304K, used 6838K [0x00000006ca400000, 0x00000006d0400000, 0x000000076e180000)
  object space 98304K, 6% used [0x00000006ca400000,0x00000006caaad890,0x00000006d0400000)
 Metaspace       used 24611K, capacity 26430K, committed 26752K, reserved 1073152K
  class space    used 3234K, capacity 3585K, committed 3712K, reserved 1048576K
Event: 1.766 GC heap after
Heap after GC invocations=5 (full 1):
 PSYoungGen      total 107008K, used 7501K [0x000000076e180000, 0x0000000776f00000, 0x00000007c0000000)
  eden space 99328K, 0% used [0x000000076e180000,0x000000076e180000,0x0000000774280000)
  from space 7680K, 97% used [0x0000000776780000,0x0000000776ed3608,0x0000000776f00000)
  to   space 10240K, 0% used [0x0000000775b00000,0x0000000775b00000,0x0000000776500000)
 ParOldGen       total 98304K, used 6846K [0x00000006ca400000, 0x00000006d0400000, 0x000000076e180000)
  object space 98304K, 6% used [0x00000006ca400000,0x00000006caaaf890,0x00000006d0400000)
 Metaspace       used 24611K, capacity 26430K, committed 26752K, reserved 1073152K
  class space    used 3234K, capacity 3585K, committed 3712K, reserved 1048576K
}
Event: 2.261 GC heap before
{Heap before GC invocations=6 (full 1):
 PSYoungGen      total 107008K, used 106829K [0x000000076e180000, 0x0000000776f00000, 0x00000007c0000000)
  eden space 99328K, 100% used [0x000000076e180000,0x0000000774280000,0x0000000774280000)
  from space 7680K, 97% used [0x0000000776780000,0x0000000776ed3608,0x0000000776f00000)
  to   space 10240K, 0% used [0x0000000775b00000,0x0000000775b00000,0x0000000776500000)
 ParOldGen       total 98304K, used 6846K [0x00000006ca400000, 0x00000006d0400000, 0x000000076e180000)
  object space 98304K, 6% used [0x00000006ca400000,0x00000006caaaf890,0x00000006d0400000)
 Metaspace       used 29413K, capacity 31690K, committed 31744K, reserved 1077248K
  class space    used 3882K, capacity 4309K, committed 4352K, reserved 1048576K
Event: 2.267 GC heap after
Heap after GC invocations=6 (full 1):
 PSYoungGen      total 134656K, used 9239K [0x000000076e180000, 0x0000000778a00000, 0x00000007c0000000)
  eden space 124416K, 0% used [0x000000076e180000,0x000000076e180000,0x0000000775b00000)
  from space 10240K, 90% used [0x0000000775b00000,0x0000000776405c58,0x0000000776500000)
  to   space 9728K, 0% used [0x0000000778080000,0x0000000778080000,0x0000000778a00000)
 ParOldGen       total 98304K, used 6854K [0x00000006ca400000, 0x00000006d0400000, 0x000000076e180000)
  object space 98304K, 6% used [0x00000006ca400000,0x00000006caab1890,0x00000006d0400000)
 Metaspace       used 29413K, capacity 31690K, committed 31744K, reserved 1077248K
  class space    used 3882K, capacity 4309K, committed 4352K, reserved 1048576K
}
Event: 2.490 GC heap before
{Heap before GC invocations=7 (full 1):
 PSYoungGen      total 134656K, used 44975K [0x000000076e180000, 0x0000000778a00000, 0x00000007c0000000)
  eden space 124416K, 28% used [0x000000076e180000,0x0000000770466198,0x0000000775b00000)
  from space 10240K, 90% used [0x0000000775b00000,0x0000000776405c58,0x0000000776500000)
  to   space 9728K, 0% used [0x0000000778080000,0x0000000778080000,0x0000000778a00000)
 ParOldGen       total 98304K, used 6854K [0x00000006ca400000, 0x00000006d0400000, 0x000000076e180000)
  object space 98304K, 6% used [0x00000006ca400000,0x00000006caab1890,0x00000006d0400000)
 Metaspace       used 33075K, capacity 35420K, committed 35496K, reserved 1079296K
  class space    used 4369K, capacity 4820K, committed 4864K, reserved 1048576K
Event: 2.495 GC heap after
Heap after GC invocations=7 (full 1):
 PSYoungGen      total 162816K, used 6809K [0x000000076e180000, 0x000000077b300000, 0x00000007c0000000)
  eden space 153088K, 0% used [0x000000076e180000,0x000000076e180000,0x0000000777700000)
  from space 9728K, 70% used [0x0000000778080000,0x0000000778726788,0x0000000778a00000)
  to   space 9728K, 0% used [0x0000000777700000,0x0000000777700000,0x0000000778080000)
 ParOldGen       total 98304K, used 6926K [0x00000006ca400000, 0x00000006d0400000, 0x000000076e180000)
  object space 98304K, 7% used [0x00000006ca400000,0x00000006caac38a0,0x00000006d0400000)
 Metaspace       used 33075K, capacity 35420K, committed 35496K, reserved 1079296K
  class space    used 4369K, capacity 4820K, committed 4864K, reserved 1048576K
}
Event: 2.495 GC heap before
{Heap before GC invocations=8 (full 2):
 PSYoungGen      total 162816K, used 6809K [0x000000076e180000, 0x000000077b300000, 0x00000007c0000000)
  eden space 153088K, 0% used [0x000000076e180000,0x000000076e180000,0x0000000777700000)
  from space 9728K, 70% used [0x0000000778080000,0x0000000778726788,0x0000000778a00000)
  to   space 9728K, 0% used [0x0000000777700000,0x0000000777700000,0x0000000778080000)
 ParOldGen       total 98304K, used 6926K [0x00000006ca400000, 0x00000006d0400000, 0x000000076e180000)
  object space 98304K, 7% used [0x00000006ca400000,0x00000006caac38a0,0x00000006d0400000)
 Metaspace       used 33075K, capacity 35420K, committed 35496K, reserved 1079296K
  class space    used 4369K, capacity 4820K, committed 4864K, reserved 1048576K
Event: 2.519 GC heap after
Heap after GC invocations=8 (full 2):
 PSYoungGen      total 162816K, used 0K [0x000000076e180000, 0x000000077b300000, 0x00000007c0000000)
  eden space 153088K, 0% used [0x000000076e180000,0x000000076e180000,0x0000000777700000)
  from space 9728K, 0% used [0x0000000778080000,0x0000000778080000,0x0000000778a00000)
  to   space 9728K, 0% used [0x0000000777700000,0x0000000777700000,0x0000000778080000)
 ParOldGen       total 98304K, used 11731K [0x00000006ca400000, 0x00000006d0400000, 0x000000076e180000)
  object space 98304K, 11% used [0x00000006ca400000,0x00000006caf74da0,0x00000006d0400000)
 Metaspace       used 33075K, capacity 35420K, committed 35496K, reserved 1079296K
  class space    used 4369K, capacity 4820K, committed 4864K, reserved 1048576K
}

