# JRE version: OpenJDK Runtime Environment JBR-17.0.6+10-829.5-jcef (17.0.6+10) (build 17.0.6+10-b829.5)
# Java VM: OpenJDK 64-Bit Server VM JBR-17.0.6+10-829.5-jcef (17.0.6+10-b829.5, mixed mode, tiered, compressed oops, compressed class ptrs, g1 gc, windows-amd64)
GC Precious Log:
 CPUs: 16 total, 16 available
 Memory: 15724M
 Large Page Support: Disabled
 NUMA Support: Disabled
 Compressed Oops: Enabled (32-bit)
 Heap Region Size: 1M
 Heap Min Capacity: 128M
 Heap Initial Capacity: 128M
 Heap Max Capacity: 1G
 Pre-touch: Disabled
 Parallel Workers: 13
 Concurrent Workers: 3
 Concurrent Refinement Workers: 13
 Periodic GC: Disabled
Heap:
 garbage-first heap   total 131072K, used 11917K [0x00000000c0000000, 0x0000000100000000)
  region size 1024K, 6 young (6144K), 0 survivors (0K)
 Metaspace       used 24189K, committed 24576K, reserved 1073152K
  class space    used 2457K, committed 2624K, reserved 1048576K
GC Heap History (8 events):
Event: 1.699 GC heap before
{Heap before GC invocations=0 (full 0):
 garbage-first heap   total 131072K, used 23552K [0x00000000c0000000, 0x0000000100000000)
  region size 1024K, 23 young (23552K), 0 survivors (0K)
 Metaspace       used 19809K, committed 20096K, reserved 1073152K
  class space    used 2128K, committed 2304K, reserved 1048576K
}
Event: 1.715 GC heap after
{Heap after GC invocations=1 (full 0):
 garbage-first heap   total 131072K, used 6222K [0x00000000c0000000, 0x0000000100000000)
  region size 1024K, 3 young (3072K), 3 survivors (3072K)
 Metaspace       used 19809K, committed 20096K, reserved 1073152K
  class space    used 2128K, committed 2304K, reserved 1048576K
}
Event: 1.861 GC heap before
{Heap before GC invocations=1 (full 0):
 garbage-first heap   total 131072K, used 7246K [0x00000000c0000000, 0x0000000100000000)
  region size 1024K, 5 young (5120K), 3 survivors (3072K)
 Metaspace       used 21291K, committed 21504K, reserved 1073152K
  class space    used 2293K, committed 2432K, reserved 1048576K
}
Event: 1.868 GC heap after
{Heap after GC invocations=2 (full 0):
 garbage-first heap   total 131072K, used 6524K [0x00000000c0000000, 0x0000000100000000)
  region size 1024K, 1 young (1024K), 1 survivors (1024K)
 Metaspace       used 21291K, committed 21504K, reserved 1073152K
  class space    used 2293K, committed 2432K, reserved 1048576K
}
Event: 3601.891 GC heap before
{Heap before GC invocations=3 (full 0):
 garbage-first heap   total 131072K, used 44412K [0x00000000c0000000, 0x0000000100000000)
  region size 1024K, 39 young (39936K), 1 survivors (1024K)
 Metaspace       used 24060K, committed 24384K, reserved 1073152K
  class space    used 2486K, committed 2624K, reserved 1048576K
}
Event: 3601.933 GC heap after
{Heap after GC invocations=4 (full 1):
 garbage-first heap   total 131072K, used 6930K [0x00000000c0000000, 0x0000000100000000)
  region size 1024K, 0 young (0K), 0 survivors (0K)
 Metaspace       used 24021K, committed 24384K, reserved 1073152K
  class space    used 2478K, committed 2624K, reserved 1048576K
}
Event: 7201.944 GC heap before
{Heap before GC invocations=4 (full 1):
 garbage-first heap   total 131072K, used 29458K [0x00000000c0000000, 0x0000000100000000)
  region size 1024K, 23 young (23552K), 0 survivors (0K)
 Metaspace       used 24230K, committed 24576K, reserved 1073152K
  class space    used 2483K, committed 2624K, reserved 1048576K
}
Event: 7201.955 GC heap after
{Heap after GC invocations=5 (full 2):
 garbage-first heap   total 131072K, used 6797K [0x00000000c0000000, 0x0000000100000000)
  region size 1024K, 0 young (0K), 0 survivors (0K)
 Metaspace       used 24127K, committed 24576K, reserved 1073152K
  class space    used 2457K, committed 2624K, reserved 1048576K
}

