# JRE version: Java(TM) SE Runtime Environment (8.0_162-b12) (build 1.8.0_162-b12)
# Java VM: Java HotSpot(TM) 64-Bit Server VM (25.162-b12 mixed mode windows-amd64 compressed oops)
Heap:
 PSYoungGen      total 134656K, used 14483K [0x000000076e180000, 0x0000000779d80000, 0x00000007c0000000)
  eden space 124416K, 5% used [0x000000076e180000,0x000000076e7b9808,0x0000000775b00000)
  from space 10240K, 79% used [0x0000000775b00000,0x00000007762eb718,0x0000000776500000)
  to   space 9216K, 0% used [0x0000000779480000,0x0000000779480000,0x0000000779d80000)
 ParOldGen       total 163328K, used 11711K [0x00000006ca400000, 0x00000006d4380000, 0x000000076e180000)
  object space 163328K, 7% used [0x00000006ca400000,0x00000006caf6ff20,0x00000006d4380000)
 Metaspace       used 37663K, capacity 40838K, committed 41088K, reserved 1085440K
  class space    used 4916K, capacity 5477K, committed 5504K, reserved 1048576K
GC Heap History (10 events):
Event: 1.678 GC heap before
{Heap before GC invocations=5 (full 1):
 PSYoungGen      total 73728K, used 63488K [0x000000076e180000, 0x0000000777180000, 0x00000007c0000000)
  eden space 63488K, 100% used [0x000000076e180000,0x0000000771f80000,0x0000000771f80000)
  from space 10240K, 0% used [0x0000000771f80000,0x0000000771f80000,0x0000000772980000)
  to   space 10240K, 0% used [0x0000000776780000,0x0000000776780000,0x0000000777180000)
 ParOldGen       total 102400K, used 7225K [0x00000006ca400000, 0x00000006d0800000, 0x000000076e180000)
  object space 102400K, 7% used [0x00000006ca400000,0x00000006cab0e430,0x00000006d0800000)
 Metaspace       used 24537K, capacity 26400K, committed 26624K, reserved 1073152K
  class space    used 3200K, capacity 3558K, committed 3584K, reserved 1048576K
Event: 1.684 GC heap after
Heap after GC invocations=5 (full 1):
 PSYoungGen      total 106496K, used 7287K [0x000000076e180000, 0x0000000776f00000, 0x00000007c0000000)
  eden space 98816K, 0% used [0x000000076e180000,0x000000076e180000,0x0000000774200000)
  from space 7680K, 94% used [0x0000000776780000,0x0000000776e9ddc0,0x0000000776f00000)
  to   space 10240K, 0% used [0x0000000775b00000,0x0000000775b00000,0x0000000776500000)
 ParOldGen       total 102400K, used 7233K [0x00000006ca400000, 0x00000006d0800000, 0x000000076e180000)
  object space 102400K, 7% used [0x00000006ca400000,0x00000006cab10430,0x00000006d0800000)
 Metaspace       used 24537K, capacity 26400K, committed 26624K, reserved 1073152K
  class space    used 3200K, capacity 3558K, committed 3584K, reserved 1048576K
}
Event: 2.302 GC heap before
{Heap before GC invocations=6 (full 1):
 PSYoungGen      total 106496K, used 106103K [0x000000076e180000, 0x0000000776f00000, 0x00000007c0000000)
  eden space 98816K, 100% used [0x000000076e180000,0x0000000774200000,0x0000000774200000)
  from space 7680K, 94% used [0x0000000776780000,0x0000000776e9ddc0,0x0000000776f00000)
  to   space 10240K, 0% used [0x0000000775b00000,0x0000000775b00000,0x0000000776500000)
 ParOldGen       total 102400K, used 7233K [0x00000006ca400000, 0x00000006d0800000, 0x000000076e180000)
  object space 102400K, 7% used [0x00000006ca400000,0x00000006cab10430,0x00000006d0800000)
 Metaspace       used 29070K, capacity 31260K, committed 31360K, reserved 1077248K
  class space    used 3783K, capacity 4190K, committed 4224K, reserved 1048576K
Event: 2.308 GC heap after
Heap after GC invocations=6 (full 1):
 PSYoungGen      total 134656K, used 8499K [0x000000076e180000, 0x0000000778680000, 0x00000007c0000000)
  eden space 124416K, 0% used [0x000000076e180000,0x000000076e180000,0x0000000775b00000)
  from space 10240K, 83% used [0x0000000775b00000,0x000000077634cfa8,0x0000000776500000)
  to   space 8704K, 0% used [0x0000000777e00000,0x0000000777e00000,0x0000000778680000)
 ParOldGen       total 102400K, used 7241K [0x00000006ca400000, 0x00000006d0800000, 0x000000076e180000)
  object space 102400K, 7% used [0x00000006ca400000,0x00000006cab12430,0x00000006d0800000)
 Metaspace       used 29070K, capacity 31260K, committed 31360K, reserved 1077248K
  class space    used 3783K, capacity 4190K, committed 4224K, reserved 1048576K
}
Event: 2.640 GC heap before
{Heap before GC invocations=7 (full 1):
 PSYoungGen      total 134656K, used 49969K [0x000000076e180000, 0x0000000778680000, 0x00000007c0000000)
  eden space 124416K, 33% used [0x000000076e180000,0x00000007709ff620,0x0000000775b00000)
  from space 10240K, 83% used [0x0000000775b00000,0x000000077634cfa8,0x0000000776500000)
  to   space 8704K, 0% used [0x0000000777e00000,0x0000000777e00000,0x0000000778680000)
 ParOldGen       total 102400K, used 7241K [0x00000006ca400000, 0x00000006d0800000, 0x000000076e180000)
  object space 102400K, 7% used [0x00000006ca400000,0x00000006cab12430,0x00000006d0800000)
 Metaspace       used 33061K, capacity 35394K, committed 35456K, reserved 1079296K
  class space    used 4303K, capacity 4733K, committed 4736K, reserved 1048576K
Event: 2.645 GC heap after
Heap after GC invocations=7 (full 1):
 PSYoungGen      total 133120K, used 6800K [0x000000076e180000, 0x0000000778680000, 0x00000007c0000000)
  eden space 124416K, 0% used [0x000000076e180000,0x000000076e180000,0x0000000775b00000)
  from space 8704K, 78% used [0x0000000777e00000,0x00000007784a4080,0x0000000778680000)
  to   space 10240K, 0% used [0x0000000775b00000,0x0000000775b00000,0x0000000776500000)
 ParOldGen       total 102400K, used 7313K [0x00000006ca400000, 0x00000006d0800000, 0x000000076e180000)
  object space 102400K, 7% used [0x00000006ca400000,0x00000006cab24440,0x00000006d0800000)
 Metaspace       used 33061K, capacity 35394K, committed 35456K, reserved 1079296K
  class space    used 4303K, capacity 4733K, committed 4736K, reserved 1048576K
}
Event: 2.645 GC heap before
{Heap before GC invocations=8 (full 2):
 PSYoungGen      total 133120K, used 6800K [0x000000076e180000, 0x0000000778680000, 0x00000007c0000000)
  eden space 124416K, 0% used [0x000000076e180000,0x000000076e180000,0x0000000775b00000)
  from space 8704K, 78% used [0x0000000777e00000,0x00000007784a4080,0x0000000778680000)
  to   space 10240K, 0% used [0x0000000775b00000,0x0000000775b00000,0x0000000776500000)
 ParOldGen       total 102400K, used 7313K [0x00000006ca400000, 0x00000006d0800000, 0x000000076e180000)
  object space 102400K, 7% used [0x00000006ca400000,0x00000006cab24440,0x00000006d0800000)
 Metaspace       used 33061K, capacity 35394K, committed 35456K, reserved 1079296K
  class space    used 4303K, capacity 4733K, committed 4736K, reserved 1048576K
Event: 2.683 GC heap after
Heap after GC invocations=8 (full 2):
 PSYoungGen      total 133120K, used 0K [0x000000076e180000, 0x0000000778680000, 0x00000007c0000000)
  eden space 124416K, 0% used [0x000000076e180000,0x000000076e180000,0x0000000775b00000)
  from space 8704K, 0% used [0x0000000777e00000,0x0000000777e00000,0x0000000778680000)
  to   space 10240K, 0% used [0x0000000775b00000,0x0000000775b00000,0x0000000776500000)
 ParOldGen       total 163328K, used 11703K [0x00000006ca400000, 0x00000006d4380000, 0x000000076e180000)
  object space 163328K, 7% used [0x00000006ca400000,0x00000006caf6df20,0x00000006d4380000)
 Metaspace       used 33061K, capacity 35394K, committed 35456K, reserved 1079296K
  class space    used 4303K, capacity 4733K, committed 4736K, reserved 1048576K
}
Event: 3.784 GC heap before
{Heap before GC invocations=9 (full 2):
 PSYoungGen      total 133120K, used 124416K [0x000000076e180000, 0x0000000778680000, 0x00000007c0000000)
  eden space 124416K, 100% used [0x000000076e180000,0x0000000775b00000,0x0000000775b00000)
  from space 8704K, 0% used [0x0000000777e00000,0x0000000777e00000,0x0000000778680000)
  to   space 10240K, 0% used [0x0000000775b00000,0x0000000775b00000,0x0000000776500000)
 ParOldGen       total 163328K, used 11703K [0x00000006ca400000, 0x00000006d4380000, 0x000000076e180000)
  object space 163328K, 7% used [0x00000006ca400000,0x00000006caf6df20,0x00000006d4380000)
 Metaspace       used 37588K, capacity 40716K, committed 40832K, reserved 1085440K
  class space    used 4900K, capacity 5456K, committed 5504K, reserved 1048576K
Event: 3.799 GC heap after
Heap after GC invocations=9 (full 2):
 PSYoungGen      total 134656K, used 8109K [0x000000076e180000, 0x0000000779d80000, 0x00000007c0000000)
  eden space 124416K, 0% used [0x000000076e180000,0x000000076e180000,0x0000000775b00000)
  from space 10240K, 79% used [0x0000000775b00000,0x00000007762eb718,0x0000000776500000)
  to   space 9216K, 0% used [0x0000000779480000,0x0000000779480000,0x0000000779d80000)
 ParOldGen       total 163328K, used 11711K [0x00000006ca400000, 0x00000006d4380000, 0x000000076e180000)
  object space 163328K, 7% used [0x00000006ca400000,0x00000006caf6ff20,0x00000006d4380000)
 Metaspace       used 37588K, capacity 40716K, committed 40832K, reserved 1085440K
  class space    used 4900K, capacity 5456K, committed 5504K, reserved 1048576K
}

