# JRE version: Java(TM) SE Runtime Environment (8.0_162-b12) (build 1.8.0_162-b12)
# Java VM: Java HotSpot(TM) 64-Bit Server VM (25.162-b12 mixed mode windows-amd64 compressed oops)
Heap:
 PSYoungGen      total 159744K, used 121885K [0x000000076e180000, 0x000000077ad80000, 0x00000007c0000000)
  eden space 151040K, 80% used [0x000000076e180000,0x00000007758875d0,0x0000000777500000)
  from space 8704K, 0% used [0x0000000777d80000,0x0000000777d80000,0x0000000778600000)
  to   space 8704K, 0% used [0x0000000777500000,0x0000000777500000,0x0000000777d80000)
 ParOldGen       total 162816K, used 11614K [0x00000006ca400000, 0x00000006d4300000, 0x000000076e180000)
  object space 162816K, 7% used [0x00000006ca400000,0x00000006caf578c0,0x00000006d4300000)
 Metaspace       used 37535K, capacity 40648K, committed 40832K, reserved 1085440K
  class space    used 4887K, capacity 5416K, committed 5504K, reserved 1048576K
GC Heap History (10 events):
Event: 1.392 GC heap before
{Heap before GC invocations=4 (full 1):
 PSYoungGen      total 73728K, used 7425K [0x000000076e180000, 0x0000000777180000, 0x00000007c0000000)
  eden space 63488K, 0% used [0x000000076e180000,0x000000076e180000,0x0000000771f80000)
  from space 10240K, 72% used [0x0000000771f80000,0x00000007726c0780,0x0000000772980000)
  to   space 10240K, 0% used [0x0000000776780000,0x0000000776780000,0x0000000777180000)
 ParOldGen       total 167936K, used 40K [0x00000006ca400000, 0x00000006d4800000, 0x000000076e180000)
  object space 167936K, 0% used [0x00000006ca400000,0x00000006ca40a000,0x00000006d4800000)
 Metaspace       used 19504K, capacity 21142K, committed 21296K, reserved 1067008K
  class space    used 2522K, capacity 2847K, committed 2944K, reserved 1048576K
Event: 1.409 GC heap after
Heap after GC invocations=4 (full 1):
 PSYoungGen      total 73728K, used 0K [0x000000076e180000, 0x0000000777180000, 0x00000007c0000000)
  eden space 63488K, 0% used [0x000000076e180000,0x000000076e180000,0x0000000771f80000)
  from space 10240K, 0% used [0x0000000771f80000,0x0000000771f80000,0x0000000772980000)
  to   space 10240K, 0% used [0x0000000776780000,0x0000000776780000,0x0000000777180000)
 ParOldGen       total 102400K, used 7130K [0x00000006ca400000, 0x00000006d0800000, 0x000000076e180000)
  object space 102400K, 6% used [0x00000006ca400000,0x00000006caaf6ba8,0x00000006d0800000)
 Metaspace       used 19504K, capacity 21142K, committed 21296K, reserved 1067008K
  class space    used 2522K, capacity 2847K, committed 2944K, reserved 1048576K
}
Event: 1.605 GC heap before
{Heap before GC invocations=5 (full 1):
 PSYoungGen      total 73728K, used 63488K [0x000000076e180000, 0x0000000777180000, 0x00000007c0000000)
  eden space 63488K, 100% used [0x000000076e180000,0x0000000771f80000,0x0000000771f80000)
  from space 10240K, 0% used [0x0000000771f80000,0x0000000771f80000,0x0000000772980000)
  to   space 10240K, 0% used [0x0000000776780000,0x0000000776780000,0x0000000777180000)
 ParOldGen       total 102400K, used 7130K [0x00000006ca400000, 0x00000006d0800000, 0x000000076e180000)
  object space 102400K, 6% used [0x00000006ca400000,0x00000006caaf6ba8,0x00000006d0800000)
 Metaspace       used 24490K, capacity 26300K, committed 26368K, reserved 1073152K
  class space    used 3187K, capacity 3550K, committed 3584K, reserved 1048576K
Event: 1.610 GC heap after
Heap after GC invocations=5 (full 1):
 PSYoungGen      total 106496K, used 7177K [0x000000076e180000, 0x0000000776f00000, 0x00000007c0000000)
  eden space 98816K, 0% used [0x000000076e180000,0x000000076e180000,0x0000000774200000)
  from space 7680K, 93% used [0x0000000776780000,0x0000000776e82760,0x0000000776f00000)
  to   space 10240K, 0% used [0x0000000775b00000,0x0000000775b00000,0x0000000776500000)
 ParOldGen       total 102400K, used 7138K [0x00000006ca400000, 0x00000006d0800000, 0x000000076e180000)
  object space 102400K, 6% used [0x00000006ca400000,0x00000006caaf8ba8,0x00000006d0800000)
 Metaspace       used 24490K, capacity 26300K, committed 26368K, reserved 1073152K
  class space    used 3187K, capacity 3550K, committed 3584K, reserved 1048576K
}
Event: 2.078 GC heap before
{Heap before GC invocations=6 (full 1):
 PSYoungGen      total 106496K, used 105993K [0x000000076e180000, 0x0000000776f00000, 0x00000007c0000000)
  eden space 98816K, 100% used [0x000000076e180000,0x0000000774200000,0x0000000774200000)
  from space 7680K, 93% used [0x0000000776780000,0x0000000776e82760,0x0000000776f00000)
  to   space 10240K, 0% used [0x0000000775b00000,0x0000000775b00000,0x0000000776500000)
 ParOldGen       total 102400K, used 7138K [0x00000006ca400000, 0x00000006d0800000, 0x000000076e180000)
  object space 102400K, 6% used [0x00000006ca400000,0x00000006caaf8ba8,0x00000006d0800000)
 Metaspace       used 28980K, capacity 31154K, committed 31360K, reserved 1077248K
  class space    used 3765K, capacity 4181K, committed 4224K, reserved 1048576K
Event: 2.083 GC heap after
Heap after GC invocations=6 (full 1):
 PSYoungGen      total 134656K, used 8477K [0x000000076e180000, 0x0000000778600000, 0x00000007c0000000)
  eden space 124416K, 0% used [0x000000076e180000,0x000000076e180000,0x0000000775b00000)
  from space 10240K, 82% used [0x0000000775b00000,0x0000000776347638,0x0000000776500000)
  to   space 8704K, 0% used [0x0000000777d80000,0x0000000777d80000,0x0000000778600000)
 ParOldGen       total 102400K, used 7146K [0x00000006ca400000, 0x00000006d0800000, 0x000000076e180000)
  object space 102400K, 6% used [0x00000006ca400000,0x00000006caafaba8,0x00000006d0800000)
 Metaspace       used 28980K, capacity 31154K, committed 31360K, reserved 1077248K
  class space    used 3765K, capacity 4181K, committed 4224K, reserved 1048576K
}
Event: 2.356 GC heap before
{Heap before GC invocations=7 (full 1):
 PSYoungGen      total 134656K, used 52706K [0x000000076e180000, 0x0000000778600000, 0x00000007c0000000)
  eden space 124416K, 35% used [0x000000076e180000,0x0000000770cb12d0,0x0000000775b00000)
  from space 10240K, 82% used [0x0000000775b00000,0x0000000776347638,0x0000000776500000)
  to   space 8704K, 0% used [0x0000000777d80000,0x0000000777d80000,0x0000000778600000)
 ParOldGen       total 102400K, used 7146K [0x00000006ca400000, 0x00000006d0800000, 0x000000076e180000)
  object space 102400K, 6% used [0x00000006ca400000,0x00000006caafaba8,0x00000006d0800000)
 Metaspace       used 33044K, capacity 35344K, committed 35456K, reserved 1079296K
  class space    used 4296K, capacity 4698K, committed 4736K, reserved 1048576K
Event: 2.361 GC heap after
Heap after GC invocations=7 (full 1):
 PSYoungGen      total 159744K, used 6900K [0x000000076e180000, 0x000000077ad80000, 0x00000007c0000000)
  eden space 151040K, 0% used [0x000000076e180000,0x000000076e180000,0x0000000777500000)
  from space 8704K, 79% used [0x0000000777d80000,0x000000077843d2d0,0x0000000778600000)
  to   space 8704K, 0% used [0x0000000777500000,0x0000000777500000,0x0000000777d80000)
 ParOldGen       total 102400K, used 7218K [0x00000006ca400000, 0x00000006d0800000, 0x000000076e180000)
  object space 102400K, 7% used [0x00000006ca400000,0x00000006cab0cbb8,0x00000006d0800000)
 Metaspace       used 33044K, capacity 35344K, committed 35456K, reserved 1079296K
  class space    used 4296K, capacity 4698K, committed 4736K, reserved 1048576K
}
Event: 2.361 GC heap before
{Heap before GC invocations=8 (full 2):
 PSYoungGen      total 159744K, used 6900K [0x000000076e180000, 0x000000077ad80000, 0x00000007c0000000)
  eden space 151040K, 0% used [0x000000076e180000,0x000000076e180000,0x0000000777500000)
  from space 8704K, 79% used [0x0000000777d80000,0x000000077843d2d0,0x0000000778600000)
  to   space 8704K, 0% used [0x0000000777500000,0x0000000777500000,0x0000000777d80000)
 ParOldGen       total 102400K, used 7218K [0x00000006ca400000, 0x00000006d0800000, 0x000000076e180000)
  object space 102400K, 7% used [0x00000006ca400000,0x00000006cab0cbb8,0x00000006d0800000)
 Metaspace       used 33044K, capacity 35344K, committed 35456K, reserved 1079296K
  class space    used 4296K, capacity 4698K, committed 4736K, reserved 1048576K
Event: 2.389 GC heap after
Heap after GC invocations=8 (full 2):
 PSYoungGen      total 159744K, used 0K [0x000000076e180000, 0x000000077ad80000, 0x00000007c0000000)
  eden space 151040K, 0% used [0x000000076e180000,0x000000076e180000,0x0000000777500000)
  from space 8704K, 0% used [0x0000000777d80000,0x0000000777d80000,0x0000000778600000)
  to   space 8704K, 0% used [0x0000000777500000,0x0000000777500000,0x0000000777d80000)
 ParOldGen       total 162816K, used 11614K [0x00000006ca400000, 0x00000006d4300000, 0x000000076e180000)
  object space 162816K, 7% used [0x00000006ca400000,0x00000006caf578c0,0x00000006d4300000)
 Metaspace       used 33044K, capacity 35344K, committed 35456K, reserved 1079296K
  class space    used 4296K, capacity 4698K, committed 4736K, reserved 1048576K
}

